D:\PROGRAMATION\VISUAL - WORKSPACE\VINCENTLAGRAPHE\VINCENTLAGRAPHE\DEBUG\CEXCEPTION.OBJ
D:\PROGRAMATION\VISUAL - WORKSPACE\VINCENTLAGRAPHE\VINCENTLAGRAPHE\DEBUG\GRAPHE.OBJ
D:\PROGRAMATION\VISUAL - WORKSPACE\VINCENTLAGRAPHE\VINCENTLAGRAPHE\DEBUG\GRAPHEFILE.OBJ
D:\PROGRAMATION\VISUAL - WORKSPACE\VINCENTLAGRAPHE\VINCENTLAGRAPHE\DEBUG\MAIN.OBJ
D:\PROGRAMATION\VISUAL - WORKSPACE\VINCENTLAGRAPHE\VINCENTLAGRAPHE\DEBUG\SOMMET.OBJ
D:\PROGRAMATION\VISUAL - WORKSPACE\VINCENTLAGRAPHE\VINCENTLAGRAPHE\DEBUG\VC110.PDB
D:\PROGRAMATION\VISUAL - WORKSPACE\VINCENTLAGRAPHE\VINCENTLAGRAPHE\DEBUG\ARC.OBJ
D:\PROGRAMATION\VISUAL - WORKSPACE\VINCENTLAGRAPHE\DEBUG\VINCENTLAGRAPHE.ILK
D:\PROGRAMATION\VISUAL - WORKSPACE\VINCENTLAGRAPHE\DEBUG\VINCENTLAGRAPHE.EXE
D:\PROGRAMATION\VISUAL - WORKSPACE\VINCENTLAGRAPHE\DEBUG\VINCENTLAGRAPHE.PDB
D:\Programation\Visual - WorkSpace\VincentLaGraphe\VincentLaGraphe\Debug\Arc.obj
D:\Programation\Visual - WorkSpace\VincentLaGraphe\VincentLaGraphe\Debug\Cexception.obj
D:\Programation\Visual - WorkSpace\VincentLaGraphe\VincentLaGraphe\Debug\Graphe.obj
D:\Programation\Visual - WorkSpace\VincentLaGraphe\VincentLaGraphe\Debug\GrapheFile.obj
D:\Programation\Visual - WorkSpace\VincentLaGraphe\VincentLaGraphe\Debug\main.obj
D:\Programation\Visual - WorkSpace\VincentLaGraphe\VincentLaGraphe\Debug\Sommet.obj
D:\Programation\Visual - WorkSpace\VincentLaGraphe\VincentLaGraphe\Debug\cl.command.1.tlog
D:\Programation\Visual - WorkSpace\VincentLaGraphe\VincentLaGraphe\Debug\CL.read.1.tlog
D:\Programation\Visual - WorkSpace\VincentLaGraphe\VincentLaGraphe\Debug\CL.write.1.tlog
D:\Programation\Visual - WorkSpace\VincentLaGraphe\VincentLaGraphe\Debug\link-cvtres.read.1.tlog
D:\Programation\Visual - WorkSpace\VincentLaGraphe\VincentLaGraphe\Debug\link-cvtres.write.1.tlog
D:\Programation\Visual - WorkSpace\VincentLaGraphe\VincentLaGraphe\Debug\link-rc.read.1.tlog
D:\Programation\Visual - WorkSpace\VincentLaGraphe\VincentLaGraphe\Debug\link-rc.write.1.tlog
D:\Programation\Visual - WorkSpace\VincentLaGraphe\VincentLaGraphe\Debug\link.command.1.tlog
D:\Programation\Visual - WorkSpace\VincentLaGraphe\VincentLaGraphe\Debug\link.read.1.tlog
D:\Programation\Visual - WorkSpace\VincentLaGraphe\VincentLaGraphe\Debug\link.write.1.tlog
D:\Programation\Visual - WorkSpace\VincentLaGraphe\VincentLaGraphe\Debug\vc110.idb
D:\Programation\Visual - WorkSpace\VincentLaGraphe\VincentLaGraphe\Debug\vc110.pdb
D:\Programation\Visual - WorkSpace\VincentLaGraphe\Debug\VincentLaGraphe.pdb
D:\Programation\Visual - WorkSpace\VincentLaGraphe\Debug\VincentLaGraphe.exe
D:\Programation\Visual - WorkSpace\VincentLaGraphe\Debug\VincentLaGraphe.ilk
